<?xml version="1.0" encoding="UTF-8"?>
<!-- Generated by org.testng.reporters.JUnitReportReporter -->
<testsuite skipped="0" hostname="DESKTOP-J0DQ7VP" name="com.Testing.Dependency_Testing" tests="4" failures="0" timestamp="2022-02-19T20:55:40 IST" time="0.032" errors="0">
  <testcase name="freshdone" time="0.000" classname="com.Testing.Dependency_Testing"/>
  <system-out/>
  <testcase name="refreshdone" time="0.016" classname="com.Testing.Dependency_Testing"/>
  <system-out/>
  <testcase name="url" time="0.000" classname="com.Testing.Dependency_Testing"/>
  <system-out/>
  <testcase name="browserLunch" time="0.016" classname="com.Testing.Dependency_Testing"/>
  <system-out/>
</testsuite> <!-- com.Testing.Dependency_Testing -->
