<?xml version="1.0" encoding="UTF-8"?>
<!-- Generated by org.testng.reporters.JUnitReportReporter -->
<testsuite skipped="0" hostname="DESKTOP-J0DQ7VP" name="com.Testing.Simple_Testing" tests="3" failures="0" timestamp="2022-02-18T11:17:22 IST" time="0.031" errors="0">
  <testcase name="cKids" time="0.016" classname="com.Testing.Simple_Testing"/>
  <system-out/>
  <testcase name="amen" time="0.015" classname="com.Testing.Simple_Testing"/>
  <system-out/>
  <testcase name="bwomen" time="0.000" classname="com.Testing.Simple_Testing"/>
  <system-out/>
</testsuite> <!-- com.Testing.Simple_Testing -->
