<?xml version="1.0" encoding="UTF-8"?>
<!-- Generated by org.testng.reporters.JUnitReportReporter -->
<testsuite skipped="1" hostname="DESKTOP-J0DQ7VP" name="com.Testing.Ignore_Concepts" tests="4" failures="0" timestamp="2022-02-18T11:29:52 IST" time="0.016" errors="0">
  <testcase name="spotify" time="0.000" classname="com.Testing.Ignore_Concepts"/>
  <system-out/>
  <testcase name="facebook" time="0.016" classname="com.Testing.Ignore_Concepts"/>
  <system-out/>
  <testcase name="whatsapp" time="0.000" classname="com.Testing.Ignore_Concepts"/>
  <system-out/>
  <testcase name="wynkMusic" classname="com.Testing.Ignore_Concepts">
    <skipped/>
  </testcase> <!-- wynkMusic -->
  <system-out/>
</testsuite> <!-- com.Testing.Ignore_Concepts -->
