<?xml version="1.0" encoding="UTF-8"?>
<!-- Generated by org.testng.reporters.JUnitReportReporter -->
<testsuite skipped="0" hostname="DESKTOP-J0DQ7VP" name="com.Testing.Priority_Features" tests="3" failures="0" timestamp="2022-02-19T20:51:17 IST" time="0.125" errors="0">
  <testcase name="men" time="0.047" classname="com.Testing.Priority_Features"/>
  <system-out/>
  <testcase name="Kids" time="0.016" classname="com.Testing.Priority_Features"/>
  <system-out/>
  <testcase name="awomen" time="0.062" classname="com.Testing.Priority_Features"/>
  <system-out/>
</testsuite> <!-- com.Testing.Priority_Features -->
