<?xml version="1.0" encoding="UTF-8"?>
<!-- Generated by org.testng.reporters.JUnitReportReporter -->
<testsuite skipped="0" hostname="DESKTOP-J0DQ7VP" name="com.Testing.Invocation_Count" tests="5" failures="0" timestamp="2022-02-18T11:26:45 IST" time="0.016" errors="0">
  <testcase name="browserLunch" time="0.016" classname="com.Testing.Invocation_Count"/>
  <system-out/>
  <testcase name="url" time="0.000" classname="com.Testing.Invocation_Count"/>
  <system-out/>
  <testcase name="refreshdone" time="0.000" classname="com.Testing.Invocation_Count"/>
  <system-out/>
  <testcase name="refreshdone" time="0.000" classname="com.Testing.Invocation_Count"/>
  <system-out/>
  <testcase name="refreshdone" time="0.000" classname="com.Testing.Invocation_Count"/>
  <system-out/>
</testsuite> <!-- com.Testing.Invocation_Count -->
