<?xml version="1.0" encoding="UTF-8"?>
<!-- Generated by org.testng.reporters.JUnitReportReporter -->
<testsuite skipped="0" hostname="DESKTOP-J0DQ7VP" name="com.Testing.Grouping" tests="4" failures="0" timestamp="2022-02-19T21:29:25 IST" time="0.031" errors="0">
  <testcase name="vivo1" time="0.000" classname="com.Testing.Grouping"/>
  <system-out/>
  <testcase name="lenovo1" time="0.015" classname="com.Testing.Grouping"/>
  <system-out/>
  <testcase name="lenovo2" time="0.016" classname="com.Testing.Grouping"/>
  <system-out/>
  <testcase name="vivo2" time="0.000" classname="com.Testing.Grouping"/>
  <system-out/>
</testsuite> <!-- com.Testing.Grouping -->
