<?xml version="1.0" encoding="UTF-8"?>
<!-- Generated by org.testng.reporters.JUnitReportReporter -->
<testsuite skipped="0" hostname="DESKTOP-J0DQ7VP" name="com.Testing.Data_Provider_Test" tests="2" failures="0" timestamp="2022-02-19T21:16:59 IST" time="0.016" errors="0">
  <testcase name="data" time="0.016" classname="com.Testing.Data_Provider_Test"/>
  <system-out/>
  <testcase name="data" time="0.000" classname="com.Testing.Data_Provider_Test"/>
  <system-out/>
</testsuite> <!-- com.Testing.Data_Provider_Test -->
