<?xml version="1.0" encoding="UTF-8"?>
<!-- Generated by org.testng.reporters.JUnitReportReporter -->
<testsuite skipped="0" hostname="DESKTOP-J0DQ7VP" name="com.Testing.Parameterized_Test" tests="1" failures="0" timestamp="2022-02-19T21:15:29 IST" time="0.015" errors="0">
  <testcase name="credentias" time="0.015" classname="com.Testing.Parameterized_Test"/>
  <system-out/>
</testsuite> <!-- com.Testing.Parameterized_Test -->
